GROUP,PACKAGE,CLASS,INSTRUCTION_MISSED,INSTRUCTION_COVERED,BRANCH_MISSED,BRANCH_COVERED,LINE_MISSED,LINE_COVERED,COMPLEXITY_MISSED,COMPLEXITY_COVERED,METHOD_MISSED,METHOD_COVERED
MavenMinesweeper,src,Tile,60,86,5,5,13,23,7,13,4,11
MavenMinesweeper,src,NullTile,0,12,0,0,0,5,0,1,0,1
MavenMinesweeper,src,SafeTile,0,12,0,0,0,5,0,1,0,1
MavenMinesweeper,src,Main,291,0,41,0,80,0,25,0,4,0
MavenMinesweeper,src,Bomb,3,15,0,0,1,6,1,1,1,1
MavenMinesweeper,src,Difficulty,162,21,25,0,54,8,18,4,4,4
MavenMinesweeper,src,GameClass,623,221,66,26,109,41,46,19,10,8
